[0/1] cd /home/p/PX4-Autopilot/build/px4_sitl_default/src/modules/simulation/gz_bridge && /usr/bin/cmake -E env PX4_SIM_MODEL=gz_x500_lidar_front GZ_IP=127.0.0.1 /home/p/PX4-Autopilot/build/px4_sitl_default/bin/px4

______  __   __    ___ 
| ___ \ \ \ / /   /   |
| |_/ /  \ V /   / /| |
|  __/   /   \  / /_| |
| |     / /^\ \ \___  |
\_|     \/   \/     |_/

px4 starting.

INFO  [px4] startup script: /bin/sh etc/init.d-posix/rcS 0
INFO  [init] found model autostart file as SYS_AUTOSTART=4017
INFO  [param] selected parameter default file parameters.bson
INFO  [param] importing from 'parameters.bson'
INFO  [parameters] BSON document size 432 bytes, decoded 432 bytes (INT32:18, FLOAT:4)
INFO  [param] selected parameter backup file parameters_backup.bson
INFO  [dataman] data manager file './dataman' size is 1208528 bytes
INFO  [init] Gazebo simulator 8.12.0
INFO  [init] Starting gazebo with world: /home/p/PX4-Autopilot/Tools/simulation/gz/worlds/room_obstacles.sdf
INFO  [init] Starting gz gui
INFO  [init] Waiting for Gazebo world...
INFO  [init] Gazebo world is ready
INFO  [init] Spawning Gazebo model
INFO  [lockstep_scheduler] setting initial absolute time to 3292000 us
INFO  [gz_bridge] world: room_obstacles, model: x500_lidar_front_0
INFO  [init] Setting camera to follow x500_lidar_front_0
INFO  [init] Camera follow offset set to -2.0, -2.0, 2.0
INFO  [commander] LED: open /dev/led0 failed (22)
WARN  [health_and_arming_checks] Preflight Fail: system power unavailable
WARN  [health_and_arming_checks] Preflight Fail: No connection to the GCS
INFO  [tone_alarm] home set
INFO  [vision_target_estimator] VTE for static target init
INFO  [uxrce_dds_client] init UDP agent IP:127.0.0.1, port:8888
INFO  [mavlink] mode: Normal, data rate: 4000000 B/s on udp port 18570 remote port 14550
INFO  [mavlink] mode: Onboard, data rate: 4000000 B/s on udp port 14580 remote port 14540
INFO  [mavlink] mode: Onboard, data rate: 4000 B/s on udp port 14280 remote port 14030
INFO  [mavlink] mode: Gimbal, data rate: 400000 B/s on udp port 13030 remote port 13280
INFO  [logger] logger started (mode=all)
INFO  [logger] Max log file size: 1024 MiB
INFO  [logger] Start file log (type: full)
INFO  [logger] [logger] ./log/2026-06-13/02_33_53.ulg	
INFO  [logger] Opened full log file: ./log/2026-06-13/02_33_53.ulg
INFO  [mavlink] MAVLink only on localhost (set param MAV_{i}_BROADCAST = 1 to enable network)
INFO  [mavlink] MAVLink only on localhost (set param MAV_{i}_BROADCAST = 1 to enable network)
INFO  [px4] Startup script returned successfully
pxh> WARN  [health_and_arming_checks] Preflight Fail: No connection to the GCS
WARN  [health_and_arming_checks] Preflight Fail: No connection to the GCS
INFO  [mavlink] partner IP: 127.0.0.1
INFO  [commander] [32mReady for takeoff![0m
INFO  [uxrce_dds_client] synchronized with time offset 1781318028903091us
INFO  [uxrce_dds_client] successfully created rt/fmu/out/register_ext_component_reply_v1 data writer, topic id: 218
INFO  [uxrce_dds_client] successfully created rt/fmu/out/arming_check_request_v1 data writer, topic id: 16
INFO  [uxrce_dds_client] successfully created rt/fmu/out/mode_completed data writer, topic id: 166
INFO  [uxrce_dds_client] successfully created rt/fmu/out/battery_status_v1 data writer, topic id: 20
INFO  [uxrce_dds_client] successfully created rt/fmu/out/collision_constraints data writer, topic id: 27
INFO  [uxrce_dds_client] successfully created rt/fmu/out/estimator_status_flags data writer, topic id: 90
INFO  [uxrce_dds_client] successfully created rt/fmu/out/failsafe_flags data writer, topic id: 96
INFO  [uxrce_dds_client] successfully created rt/fmu/out/manual_control_setpoint data writer, topic id: 157
INFO  [uxrce_dds_client] successfully created rt/fmu/out/message_format_response data writer, topic id: 163
INFO  [uxrce_dds_client] successfully created rt/fmu/out/position_setpoint_triplet data writer, topic id: 201
INFO  [uxrce_dds_client] successfully created rt/fmu/out/sensor_combined data writer, topic id: 238
INFO  [uxrce_dds_client] successfully created rt/fmu/out/timesync_status data writer, topic id: 264
INFO  [uxrce_dds_client] successfully created rt/fmu/out/transponder_report data writer, topic id: 267
INFO  [uxrce_dds_client] successfully created rt/fmu/out/vehicle_land_detected data writer, topic id: 292
INFO  [uxrce_dds_client] successfully created rt/fmu/out/vehicle_attitude data writer, topic id: 279
INFO  [uxrce_dds_client] successfully created rt/fmu/out/vehicle_control_mode data writer, topic id: 286
INFO  [uxrce_dds_client] successfully created rt/fmu/out/vehicle_command_ack_v1 data writer, topic id: 283
INFO  [uxrce_dds_client] successfully created rt/fmu/out/vehicle_global_position data writer, topic id: 287
INFO  [uxrce_dds_client] successfully created rt/fmu/out/vehicle_gps_position data writer, topic id: 289
INFO  [uxrce_dds_client] successfully created rt/fmu/out/vehicle_local_position_v1 data writer, topic id: 293
INFO  [uxrce_dds_client] successfully created rt/fmu/out/vehicle_odometry data writer, topic id: 298
INFO  [uxrce_dds_client] successfully created rt/fmu/out/vehicle_status_v4 data writer, topic id: 303
INFO  [uxrce_dds_client] successfully created rt/fmu/out/airspeed_validated_v1 data writer, topic id: 13
INFO  [uxrce_dds_client] successfully created rt/fmu/out/vtol_vehicle_status data writer, topic id: 322
INFO  [uxrce_dds_client] successfully created rt/fmu/out/home_position_v1 data writer, topic id: 136
INFO  [uxrce_dds_client] successfully created rt/fmu/out/wind data writer, topic id: 325
INFO  [uxrce_dds_client] successfully created rt/fmu/out/gimbal_device_attitude_status data writer, topic id: 118
INFO  [commander] Armed by external command	
INFO  [tone_alarm] arming warning
INFO  [commander] Takeoff detected	
